<?xml version="1.0" encoding="UTF-8"?>
<!-- Generated by org.testng.reporters.JUnitReportReporter -->
<testsuite skipped="0" hostname="DESKTOP-SIO3HDB" name="com.Week9.tests.CountLinksAndBroken.BrokenLinks" tests="1" failures="0" timestamp="15 Feb 2019 01:52:53 GMT" time="13.034" errors="0">
  <testcase name="testinglinksingoogle" time="13.034" classname="com.Week9.tests.CountLinksAndBroken.BrokenLinks"/>
</testsuite> <!-- com.Week9.tests.CountLinksAndBroken.BrokenLinks -->
