<?xml version="1.0" encoding="UTF-8"?>
<!-- Generated by org.testng.reporters.JUnitReportReporter -->
<testsuite skipped="0" hostname="MusabayTechCorp" name="com.united.tests.TestingDatePicker" tests="1" failures="0" timestamp="12 Jan 2019 21:06:36 GMT" time="37.742" errors="0">
  <testcase name="testing1" time="37.742" classname="com.united.tests.TestingDatePicker"/>
</testsuite> <!-- com.united.tests.TestingDatePicker -->
