<?xml version="1.0" encoding="UTF-8"?>
<!-- Generated by org.testng.reporters.JUnitReportReporter -->
<testsuite skipped="0" hostname="MusabayTechCorp" name="com.united.tests.SearchingTicketTests" tests="1" failures="0" timestamp="29 Dec 2018 20:36:54 GMT" time="57.654" errors="0">
  <testcase name="searchVacationTicket" time="57.654" classname="com.united.tests.SearchingTicketTests"/>
</testsuite> <!-- com.united.tests.SearchingTicketTests -->
