<?xml version="1.0" encoding="UTF-8"?>
<!-- Generated by org.testng.reporters.JUnitReportReporter -->
<testsuite skipped="2" hostname="DESKTOP-SIO3HDB" name="com.Week9.tests.TestPractice" tests="3" failures="0" timestamp="22 Jan 2019 23:56:08 GMT" time="29.314" errors="0">
  <testcase name="testing_Scroll_To_View" time="29.314" classname="com.Week9.tests.TestPractice"/>
  <testcase name="testing_Scroll_Vertically" classname="com.Week9.tests.TestPractice">
    <skipped/>
  </testcase> <!-- testing_Scroll_Vertically -->
  <testcase name="testing_Scroll_Horizontlly" classname="com.Week9.tests.TestPractice">
    <skipped/>
  </testcase> <!-- testing_Scroll_Horizontlly -->
</testsuite> <!-- com.Week9.tests.TestPractice -->
